  [1m[35m (1.8ms)[0m  [1m[34mSELECT sqlite_version(*)[0m
  [1m[35m (2.4ms)[0m  [1m[35mCREATE TABLE "schema_migrations" ("version" varchar NOT NULL PRIMARY KEY)[0m
  [1m[35m (1.4ms)[0m  [1m[35mCREATE TABLE "ar_internal_metadata" ("key" varchar NOT NULL PRIMARY KEY, "value" varchar, "created_at" datetime(6) NOT NULL, "updated_at" datetime(6) NOT NULL)[0m
  [1m[35m (0.2ms)[0m  [1m[34mSELECT "schema_migrations"."version" FROM "schema_migrations" ORDER BY "schema_migrations"."version" ASC[0m
Migrating to CreateArticles (20190629142652)
  [1m[35m (0.1ms)[0m  [1m[36mbegin transaction[0m
  [1m[35m (0.4ms)[0m  [1m[35mCREATE TABLE "articles" ("id" integer PRIMARY KEY AUTOINCREMENT NOT NULL, "title" varchar, "content" text, "created_at" datetime(6) NOT NULL, "updated_at" datetime(6) NOT NULL)[0m
  [1m[36mActiveRecord::SchemaMigration Create (0.1ms)[0m  [1m[32mINSERT INTO "schema_migrations" ("version") VALUES (?)[0m  [["version", "20190629142652"]]
  [1m[35m (1.2ms)[0m  [1m[36mcommit transaction[0m
  [1m[36mActiveRecord::InternalMetadata Load (0.1ms)[0m  [1m[34mSELECT "ar_internal_metadata".* FROM "ar_internal_metadata" WHERE "ar_internal_metadata"."key" = ? LIMIT ?[0m  [["key", "environment"], ["LIMIT", 1]]
  [1m[35m (0.0ms)[0m  [1m[36mbegin transaction[0m
  [1m[36mActiveRecord::InternalMetadata Create (0.3ms)[0m  [1m[32mINSERT INTO "ar_internal_metadata" ("key", "value", "created_at", "updated_at") VALUES (?, ?, ?, ?)[0m  [["key", "environment"], ["value", "development"], ["created_at", "2019-06-29 14:27:06.215858"], ["updated_at", "2019-06-29 14:27:06.215858"]]
  [1m[35m (1.2ms)[0m  [1m[36mcommit transaction[0m
  [1m[35m (0.0ms)[0m  [1m[34mSELECT sqlite_version(*)[0m
  [1m[35m (0.1ms)[0m  [1m[34mSELECT "schema_migrations"."version" FROM "schema_migrations" ORDER BY "schema_migrations"."version" ASC[0m
Started GET "/posts" for ::1 at 2019-06-29 16:27:25 +0200
  [1m[35m (1.1ms)[0m  [1m[34mSELECT sqlite_version(*)[0m
  [1m[35m (0.5ms)[0m  [1m[34mSELECT "schema_migrations"."version" FROM "schema_migrations" ORDER BY "schema_migrations"."version" ASC[0m
  
ActionController::RoutingError (No route matches [GET] "/posts"):
  
actionpack (6.0.0.rc1) lib/action_dispatch/middleware/debug_exceptions.rb:36:in `call'
actionpack (6.0.0.rc1) lib/action_dispatch/middleware/stack.rb:57:in `block in call'
activesupport (6.0.0.rc1) lib/active_support/notifications.rb:182:in `instrument'
actionpack (6.0.0.rc1) lib/action_dispatch/middleware/stack.rb:56:in `call'
web-console (4.0.0) lib/web_console/middleware.rb:132:in `call_app'
web-console (4.0.0) lib/web_console/middleware.rb:28:in `block in call'
web-console (4.0.0) lib/web_console/middleware.rb:17:in `catch'
web-console (4.0.0) lib/web_console/middleware.rb:17:in `call'
actionpack (6.0.0.rc1) lib/action_dispatch/middleware/stack.rb:57:in `block in call'
activesupport (6.0.0.rc1) lib/active_support/notifications.rb:182:in `instrument'
actionpack (6.0.0.rc1) lib/action_dispatch/middleware/stack.rb:56:in `call'
actionpack (6.0.0.rc1) lib/action_dispatch/middleware/show_exceptions.rb:33:in `call'
actionpack (6.0.0.rc1) lib/action_dispatch/middleware/stack.rb:57:in `block in call'
activesupport (6.0.0.rc1) lib/active_support/notifications.rb:182:in `instrument'
actionpack (6.0.0.rc1) lib/action_dispatch/middleware/stack.rb:56:in `call'
railties (6.0.0.rc1) lib/rails/rack/logger.rb:38:in `call_app'
railties (6.0.0.rc1) lib/rails/rack/logger.rb:26:in `block in call'
activesupport (6.0.0.rc1) lib/active_support/tagged_logging.rb:80:in `block in tagged'
activesupport (6.0.0.rc1) lib/active_support/tagged_logging.rb:28:in `tagged'
activesupport (6.0.0.rc1) lib/active_support/tagged_logging.rb:80:in `tagged'
railties (6.0.0.rc1) lib/rails/rack/logger.rb:26:in `call'
actionpack (6.0.0.rc1) lib/action_dispatch/middleware/stack.rb:57:in `block in call'
activesupport (6.0.0.rc1) lib/active_support/notifications.rb:182:in `instrument'
actionpack (6.0.0.rc1) lib/action_dispatch/middleware/stack.rb:56:in `call'
sprockets-rails (3.2.1) lib/sprockets/rails/quiet_assets.rb:13:in `call'
actionpack (6.0.0.rc1) lib/action_dispatch/middleware/stack.rb:57:in `block in call'
activesupport (6.0.0.rc1) lib/active_support/notifications.rb:182:in `instrument'
actionpack (6.0.0.rc1) lib/action_dispatch/middleware/stack.rb:56:in `call'
actionpack (6.0.0.rc1) lib/action_dispatch/middleware/remote_ip.rb:81:in `call'
actionpack (6.0.0.rc1) lib/action_dispatch/middleware/stack.rb:57:in `block in call'
activesupport (6.0.0.rc1) lib/active_support/notifications.rb:182:in `instrument'
actionpack (6.0.0.rc1) lib/action_dispatch/middleware/stack.rb:56:in `call'
actionpack (6.0.0.rc1) lib/action_dispatch/middleware/request_id.rb:27:in `call'
actionpack (6.0.0.rc1) lib/action_dispatch/middleware/stack.rb:57:in `block in call'
activesupport (6.0.0.rc1) lib/active_support/notifications.rb:182:in `instrument'
actionpack (6.0.0.rc1) lib/action_dispatch/middleware/stack.rb:56:in `call'
rack (2.0.7) lib/rack/method_override.rb:22:in `call'
actionpack (6.0.0.rc1) lib/action_dispatch/middleware/stack.rb:57:in `block in call'
activesupport (6.0.0.rc1) lib/active_support/notifications.rb:182:in `instrument'
actionpack (6.0.0.rc1) lib/action_dispatch/middleware/stack.rb:56:in `call'
rack (2.0.7) lib/rack/runtime.rb:22:in `call'
actionpack (6.0.0.rc1) lib/action_dispatch/middleware/stack.rb:57:in `block in call'
activesupport (6.0.0.rc1) lib/active_support/notifications.rb:182:in `instrument'
actionpack (6.0.0.rc1) lib/action_dispatch/middleware/stack.rb:56:in `call'
activesupport (6.0.0.rc1) lib/active_support/cache/strategy/local_cache_middleware.rb:29:in `call'
actionpack (6.0.0.rc1) lib/action_dispatch/middleware/stack.rb:57:in `block in call'
activesupport (6.0.0.rc1) lib/active_support/notifications.rb:182:in `instrument'
actionpack (6.0.0.rc1) lib/action_dispatch/middleware/stack.rb:56:in `call'
actionpack (6.0.0.rc1) lib/action_dispatch/middleware/executor.rb:14:in `call'
actionpack (6.0.0.rc1) lib/action_dispatch/middleware/stack.rb:57:in `block in call'
activesupport (6.0.0.rc1) lib/active_support/notifications.rb:182:in `instrument'
actionpack (6.0.0.rc1) lib/action_dispatch/middleware/stack.rb:56:in `call'
actionpack (6.0.0.rc1) lib/action_dispatch/middleware/static.rb:126:in `call'
actionpack (6.0.0.rc1) lib/action_dispatch/middleware/stack.rb:57:in `block in call'
activesupport (6.0.0.rc1) lib/active_support/notifications.rb:182:in `instrument'
actionpack (6.0.0.rc1) lib/action_dispatch/middleware/stack.rb:56:in `call'
rack (2.0.7) lib/rack/sendfile.rb:111:in `call'
actionpack (6.0.0.rc1) lib/action_dispatch/middleware/stack.rb:57:in `block in call'
activesupport (6.0.0.rc1) lib/active_support/notifications.rb:182:in `instrument'
actionpack (6.0.0.rc1) lib/action_dispatch/middleware/stack.rb:56:in `call'
actionpack (6.0.0.rc1) lib/action_dispatch/middleware/host_authorization.rb:83:in `call'
actionpack (6.0.0.rc1) lib/action_dispatch/middleware/stack.rb:57:in `block in call'
activesupport (6.0.0.rc1) lib/active_support/notifications.rb:182:in `instrument'
actionpack (6.0.0.rc1) lib/action_dispatch/middleware/stack.rb:56:in `call'
webpacker (4.0.7) lib/webpacker/dev_server_proxy.rb:29:in `perform_request'
rack-proxy (0.6.5) lib/rack/proxy.rb:57:in `call'
actionpack (6.0.0.rc1) lib/action_dispatch/middleware/stack.rb:57:in `block in call'
activesupport (6.0.0.rc1) lib/active_support/notifications.rb:182:in `instrument'
actionpack (6.0.0.rc1) lib/action_dispatch/middleware/stack.rb:56:in `call'
railties (6.0.0.rc1) lib/rails/engine.rb:526:in `call'
puma (3.12.1) lib/puma/configuration.rb:227:in `call'
puma (3.12.1) lib/puma/server.rb:660:in `handle_request'
puma (3.12.1) lib/puma/server.rb:474:in `process_client'
puma (3.12.1) lib/puma/server.rb:334:in `block in run'
puma (3.12.1) lib/puma/thread_pool.rb:135:in `block in spawn_thread'
Started GET "/" for ::1 at 2019-06-29 16:27:29 +0200
Processing by Rails::WelcomeController#index as HTML
  Rendering /Users/asmaebenslimane/.rvm/gems/ruby-2.5.1/gems/railties-6.0.0.rc1/lib/rails/templates/rails/welcome/index.html.erb
  Rendered /Users/asmaebenslimane/.rvm/gems/ruby-2.5.1/gems/railties-6.0.0.rc1/lib/rails/templates/rails/welcome/index.html.erb (Duration: 17.3ms | Allocations: 201)
Completed 200 OK in 20ms (Views: 18.5ms | ActiveRecord: 0.0ms | Allocations: 1042)


Started GET "/articles" for ::1 at 2019-06-29 16:27:34 +0200
Processing by ArticlesController#index as HTML
  Rendering articles/index.html.erb within layouts/application
  [1m[36mArticle Load (0.6ms)[0m  [1m[34mSELECT "articles".* FROM "articles"[0m
  ↳ app/views/articles/index.html.erb:15
  Rendered articles/index.html.erb within layouts/application (Duration: 7.2ms | Allocations: 1461)
[Webpacker] Compiling…
[Webpacker] Compiled all packs in /Users/asmaebenslimane/blog2/public/packs
Completed 200 OK in 5617ms (Views: 5609.8ms | ActiveRecord: 1.4ms | Allocations: 1671163)


Started GET "/article" for ::1 at 2019-06-29 16:27:41 +0200
  
ActionController::RoutingError (No route matches [GET] "/article"):
  
actionpack (6.0.0.rc1) lib/action_dispatch/middleware/debug_exceptions.rb:36:in `call'
actionpack (6.0.0.rc1) lib/action_dispatch/middleware/stack.rb:57:in `block in call'
activesupport (6.0.0.rc1) lib/active_support/notifications.rb:182:in `instrument'
actionpack (6.0.0.rc1) lib/action_dispatch/middleware/stack.rb:56:in `call'
web-console (4.0.0) lib/web_console/middleware.rb:132:in `call_app'
web-console (4.0.0) lib/web_console/middleware.rb:28:in `block in call'
web-console (4.0.0) lib/web_console/middleware.rb:17:in `catch'
web-console (4.0.0) lib/web_console/middleware.rb:17:in `call'
actionpack (6.0.0.rc1) lib/action_dispatch/middleware/stack.rb:57:in `block in call'
activesupport (6.0.0.rc1) lib/active_support/notifications.rb:182:in `instrument'
actionpack (6.0.0.rc1) lib/action_dispatch/middleware/stack.rb:56:in `call'
actionpack (6.0.0.rc1) lib/action_dispatch/middleware/show_exceptions.rb:33:in `call'
actionpack (6.0.0.rc1) lib/action_dispatch/middleware/stack.rb:57:in `block in call'
activesupport (6.0.0.rc1) lib/active_support/notifications.rb:182:in `instrument'
actionpack (6.0.0.rc1) lib/action_dispatch/middleware/stack.rb:56:in `call'
railties (6.0.0.rc1) lib/rails/rack/logger.rb:38:in `call_app'
railties (6.0.0.rc1) lib/rails/rack/logger.rb:26:in `block in call'
activesupport (6.0.0.rc1) lib/active_support/tagged_logging.rb:80:in `block in tagged'
activesupport (6.0.0.rc1) lib/active_support/tagged_logging.rb:28:in `tagged'
activesupport (6.0.0.rc1) lib/active_support/tagged_logging.rb:80:in `tagged'
railties (6.0.0.rc1) lib/rails/rack/logger.rb:26:in `call'
actionpack (6.0.0.rc1) lib/action_dispatch/middleware/stack.rb:57:in `block in call'
activesupport (6.0.0.rc1) lib/active_support/notifications.rb:182:in `instrument'
actionpack (6.0.0.rc1) lib/action_dispatch/middleware/stack.rb:56:in `call'
sprockets-rails (3.2.1) lib/sprockets/rails/quiet_assets.rb:13:in `call'
actionpack (6.0.0.rc1) lib/action_dispatch/middleware/stack.rb:57:in `block in call'
activesupport (6.0.0.rc1) lib/active_support/notifications.rb:182:in `instrument'
actionpack (6.0.0.rc1) lib/action_dispatch/middleware/stack.rb:56:in `call'
actionpack (6.0.0.rc1) lib/action_dispatch/middleware/remote_ip.rb:81:in `call'
actionpack (6.0.0.rc1) lib/action_dispatch/middleware/stack.rb:57:in `block in call'
activesupport (6.0.0.rc1) lib/active_support/notifications.rb:182:in `instrument'
actionpack (6.0.0.rc1) lib/action_dispatch/middleware/stack.rb:56:in `call'
actionpack (6.0.0.rc1) lib/action_dispatch/middleware/request_id.rb:27:in `call'
actionpack (6.0.0.rc1) lib/action_dispatch/middleware/stack.rb:57:in `block in call'
activesupport (6.0.0.rc1) lib/active_support/notifications.rb:182:in `instrument'
actionpack (6.0.0.rc1) lib/action_dispatch/middleware/stack.rb:56:in `call'
rack (2.0.7) lib/rack/method_override.rb:22:in `call'
actionpack (6.0.0.rc1) lib/action_dispatch/middleware/stack.rb:57:in `block in call'
activesupport (6.0.0.rc1) lib/active_support/notifications.rb:182:in `instrument'
actionpack (6.0.0.rc1) lib/action_dispatch/middleware/stack.rb:56:in `call'
rack (2.0.7) lib/rack/runtime.rb:22:in `call'
actionpack (6.0.0.rc1) lib/action_dispatch/middleware/stack.rb:57:in `block in call'
activesupport (6.0.0.rc1) lib/active_support/notifications.rb:182:in `instrument'
actionpack (6.0.0.rc1) lib/action_dispatch/middleware/stack.rb:56:in `call'
activesupport (6.0.0.rc1) lib/active_support/cache/strategy/local_cache_middleware.rb:29:in `call'
actionpack (6.0.0.rc1) lib/action_dispatch/middleware/stack.rb:57:in `block in call'
activesupport (6.0.0.rc1) lib/active_support/notifications.rb:182:in `instrument'
actionpack (6.0.0.rc1) lib/action_dispatch/middleware/stack.rb:56:in `call'
actionpack (6.0.0.rc1) lib/action_dispatch/middleware/executor.rb:14:in `call'
actionpack (6.0.0.rc1) lib/action_dispatch/middleware/stack.rb:57:in `block in call'
activesupport (6.0.0.rc1) lib/active_support/notifications.rb:182:in `instrument'
actionpack (6.0.0.rc1) lib/action_dispatch/middleware/stack.rb:56:in `call'
actionpack (6.0.0.rc1) lib/action_dispatch/middleware/static.rb:126:in `call'
actionpack (6.0.0.rc1) lib/action_dispatch/middleware/stack.rb:57:in `block in call'
activesupport (6.0.0.rc1) lib/active_support/notifications.rb:182:in `instrument'
actionpack (6.0.0.rc1) lib/action_dispatch/middleware/stack.rb:56:in `call'
rack (2.0.7) lib/rack/sendfile.rb:111:in `call'
actionpack (6.0.0.rc1) lib/action_dispatch/middleware/stack.rb:57:in `block in call'
activesupport (6.0.0.rc1) lib/active_support/notifications.rb:182:in `instrument'
actionpack (6.0.0.rc1) lib/action_dispatch/middleware/stack.rb:56:in `call'
actionpack (6.0.0.rc1) lib/action_dispatch/middleware/host_authorization.rb:83:in `call'
actionpack (6.0.0.rc1) lib/action_dispatch/middleware/stack.rb:57:in `block in call'
activesupport (6.0.0.rc1) lib/active_support/notifications.rb:182:in `instrument'
actionpack (6.0.0.rc1) lib/action_dispatch/middleware/stack.rb:56:in `call'
webpacker (4.0.7) lib/webpacker/dev_server_proxy.rb:29:in `perform_request'
rack-proxy (0.6.5) lib/rack/proxy.rb:57:in `call'
actionpack (6.0.0.rc1) lib/action_dispatch/middleware/stack.rb:57:in `block in call'
activesupport (6.0.0.rc1) lib/active_support/notifications.rb:182:in `instrument'
actionpack (6.0.0.rc1) lib/action_dispatch/middleware/stack.rb:56:in `call'
railties (6.0.0.rc1) lib/rails/engine.rb:526:in `call'
puma (3.12.1) lib/puma/configuration.rb:227:in `call'
puma (3.12.1) lib/puma/server.rb:660:in `handle_request'
puma (3.12.1) lib/puma/server.rb:474:in `process_client'
puma (3.12.1) lib/puma/server.rb:334:in `block in run'
puma (3.12.1) lib/puma/thread_pool.rb:135:in `block in spawn_thread'
Started GET "/article" for ::1 at 2019-06-29 16:27:44 +0200
  
ActionController::RoutingError (No route matches [GET] "/article"):
  
actionpack (6.0.0.rc1) lib/action_dispatch/middleware/debug_exceptions.rb:36:in `call'
actionpack (6.0.0.rc1) lib/action_dispatch/middleware/stack.rb:57:in `block in call'
activesupport (6.0.0.rc1) lib/active_support/notifications.rb:182:in `instrument'
actionpack (6.0.0.rc1) lib/action_dispatch/middleware/stack.rb:56:in `call'
web-console (4.0.0) lib/web_console/middleware.rb:132:in `call_app'
web-console (4.0.0) lib/web_console/middleware.rb:28:in `block in call'
web-console (4.0.0) lib/web_console/middleware.rb:17:in `catch'
web-console (4.0.0) lib/web_console/middleware.rb:17:in `call'
actionpack (6.0.0.rc1) lib/action_dispatch/middleware/stack.rb:57:in `block in call'
activesupport (6.0.0.rc1) lib/active_support/notifications.rb:182:in `instrument'
actionpack (6.0.0.rc1) lib/action_dispatch/middleware/stack.rb:56:in `call'
actionpack (6.0.0.rc1) lib/action_dispatch/middleware/show_exceptions.rb:33:in `call'
actionpack (6.0.0.rc1) lib/action_dispatch/middleware/stack.rb:57:in `block in call'
activesupport (6.0.0.rc1) lib/active_support/notifications.rb:182:in `instrument'
actionpack (6.0.0.rc1) lib/action_dispatch/middleware/stack.rb:56:in `call'
railties (6.0.0.rc1) lib/rails/rack/logger.rb:38:in `call_app'
railties (6.0.0.rc1) lib/rails/rack/logger.rb:26:in `block in call'
activesupport (6.0.0.rc1) lib/active_support/tagged_logging.rb:80:in `block in tagged'
activesupport (6.0.0.rc1) lib/active_support/tagged_logging.rb:28:in `tagged'
activesupport (6.0.0.rc1) lib/active_support/tagged_logging.rb:80:in `tagged'
railties (6.0.0.rc1) lib/rails/rack/logger.rb:26:in `call'
actionpack (6.0.0.rc1) lib/action_dispatch/middleware/stack.rb:57:in `block in call'
activesupport (6.0.0.rc1) lib/active_support/notifications.rb:182:in `instrument'
actionpack (6.0.0.rc1) lib/action_dispatch/middleware/stack.rb:56:in `call'
sprockets-rails (3.2.1) lib/sprockets/rails/quiet_assets.rb:13:in `call'
actionpack (6.0.0.rc1) lib/action_dispatch/middleware/stack.rb:57:in `block in call'
activesupport (6.0.0.rc1) lib/active_support/notifications.rb:182:in `instrument'
actionpack (6.0.0.rc1) lib/action_dispatch/middleware/stack.rb:56:in `call'
actionpack (6.0.0.rc1) lib/action_dispatch/middleware/remote_ip.rb:81:in `call'
actionpack (6.0.0.rc1) lib/action_dispatch/middleware/stack.rb:57:in `block in call'
activesupport (6.0.0.rc1) lib/active_support/notifications.rb:182:in `instrument'
actionpack (6.0.0.rc1) lib/action_dispatch/middleware/stack.rb:56:in `call'
actionpack (6.0.0.rc1) lib/action_dispatch/middleware/request_id.rb:27:in `call'
actionpack (6.0.0.rc1) lib/action_dispatch/middleware/stack.rb:57:in `block in call'
activesupport (6.0.0.rc1) lib/active_support/notifications.rb:182:in `instrument'
actionpack (6.0.0.rc1) lib/action_dispatch/middleware/stack.rb:56:in `call'
rack (2.0.7) lib/rack/method_override.rb:22:in `call'
actionpack (6.0.0.rc1) lib/action_dispatch/middleware/stack.rb:57:in `block in call'
activesupport (6.0.0.rc1) lib/active_support/notifications.rb:182:in `instrument'
actionpack (6.0.0.rc1) lib/action_dispatch/middleware/stack.rb:56:in `call'
rack (2.0.7) lib/rack/runtime.rb:22:in `call'
actionpack (6.0.0.rc1) lib/action_dispatch/middleware/stack.rb:57:in `block in call'
activesupport (6.0.0.rc1) lib/active_support/notifications.rb:182:in `instrument'
actionpack (6.0.0.rc1) lib/action_dispatch/middleware/stack.rb:56:in `call'
activesupport (6.0.0.rc1) lib/active_support/cache/strategy/local_cache_middleware.rb:29:in `call'
actionpack (6.0.0.rc1) lib/action_dispatch/middleware/stack.rb:57:in `block in call'
activesupport (6.0.0.rc1) lib/active_support/notifications.rb:182:in `instrument'
actionpack (6.0.0.rc1) lib/action_dispatch/middleware/stack.rb:56:in `call'
actionpack (6.0.0.rc1) lib/action_dispatch/middleware/executor.rb:14:in `call'
actionpack (6.0.0.rc1) lib/action_dispatch/middleware/stack.rb:57:in `block in call'
activesupport (6.0.0.rc1) lib/active_support/notifications.rb:182:in `instrument'
actionpack (6.0.0.rc1) lib/action_dispatch/middleware/stack.rb:56:in `call'
actionpack (6.0.0.rc1) lib/action_dispatch/middleware/static.rb:126:in `call'
actionpack (6.0.0.rc1) lib/action_dispatch/middleware/stack.rb:57:in `block in call'
activesupport (6.0.0.rc1) lib/active_support/notifications.rb:182:in `instrument'
actionpack (6.0.0.rc1) lib/action_dispatch/middleware/stack.rb:56:in `call'
rack (2.0.7) lib/rack/sendfile.rb:111:in `call'
actionpack (6.0.0.rc1) lib/action_dispatch/middleware/stack.rb:57:in `block in call'
activesupport (6.0.0.rc1) lib/active_support/notifications.rb:182:in `instrument'
actionpack (6.0.0.rc1) lib/action_dispatch/middleware/stack.rb:56:in `call'
actionpack (6.0.0.rc1) lib/action_dispatch/middleware/host_authorization.rb:83:in `call'
actionpack (6.0.0.rc1) lib/action_dispatch/middleware/stack.rb:57:in `block in call'
activesupport (6.0.0.rc1) lib/active_support/notifications.rb:182:in `instrument'
actionpack (6.0.0.rc1) lib/action_dispatch/middleware/stack.rb:56:in `call'
webpacker (4.0.7) lib/webpacker/dev_server_proxy.rb:29:in `perform_request'
rack-proxy (0.6.5) lib/rack/proxy.rb:57:in `call'
actionpack (6.0.0.rc1) lib/action_dispatch/middleware/stack.rb:57:in `block in call'
activesupport (6.0.0.rc1) lib/active_support/notifications.rb:182:in `instrument'
actionpack (6.0.0.rc1) lib/action_dispatch/middleware/stack.rb:56:in `call'
railties (6.0.0.rc1) lib/rails/engine.rb:526:in `call'
puma (3.12.1) lib/puma/configuration.rb:227:in `call'
puma (3.12.1) lib/puma/server.rb:660:in `handle_request'
puma (3.12.1) lib/puma/server.rb:474:in `process_client'
puma (3.12.1) lib/puma/server.rb:334:in `block in run'
puma (3.12.1) lib/puma/thread_pool.rb:135:in `block in spawn_thread'
Started GET "/articles" for ::1 at 2019-06-29 16:28:04 +0200
Processing by ArticlesController#index as HTML
  Rendering articles/index.html.erb within layouts/application
  [1m[36mArticle Load (0.2ms)[0m  [1m[34mSELECT "articles".* FROM "articles"[0m
  ↳ app/views/articles/index.html.erb:15
  Rendered articles/index.html.erb within layouts/application (Duration: 2.6ms | Allocations: 736)
Completed 200 OK in 16ms (Views: 14.1ms | ActiveRecord: 0.2ms | Allocations: 7656)


